<?xml version="1.0" encoding="UTF-8"?>
<!-- Generated by org.testng.reporters.JUnitXMLReporter -->
<testsuite ignored="0" hostname="Somashekars-iMac.local" failures="0" tests="2" name="HRM Application Nucot2" time="7.92" errors="0" timestamp="2024-05-06T07:44:10 IST">
  <testcase classname="com.qa.hrm.pagetests.LoginPageTest" name="loginPageTitle" time="0.011"/>
  <testcase classname="com.qa.hrm.pagetests.LoginPageTest" name="doLoginPageTest" time="1.751"/>
</testsuite> <!-- HRM Application Nucot2 -->
