<?xml version="1.0" encoding="UTF-8"?>
<!-- Generated by org.testng.reporters.JUnitXMLReporter -->
<testsuite ignored="2" hostname="Somashekars-iMac.local" failures="0" tests="1" name="HRM Application Nucot" time="11.661" errors="0" timestamp="2024-05-02T07:13:08 IST">
  <testcase classname="com.qa.hrm.pagetests.LoginPageTest" name="loginPageTitle" time="0.038"/>
  <testcase classname="com.qa.hrm.pagetests.LoginPageTest" name="doLoginPageTest" time="0.0">
    <ignored/>
  </testcase> <!-- doLoginPageTest -->
  <testcase classname="com.qa.hrm.pagetests.LoginPageTest" name="loginPageCurrentUrl" time="0.0">
    <ignored/>
  </testcase> <!-- loginPageCurrentUrl -->
</testsuite> <!-- HRM Application Nucot -->
