<?xml version="1.0" encoding="UTF-8"?>
<!-- Generated by org.testng.reporters.JUnitXMLReporter -->
<testsuite ignored="0" hostname="Somashekars-iMac.local" failures="0" tests="3" name="Default test" time="17.346" errors="0" timestamp="2024-04-30T07:43:17 IST">
  <testcase classname="com.qa.hrm.pagetests.LoginPageTest" name="loginPageCurrentUrl" time="0.059"/>
  <testcase classname="com.qa.hrm.pagetests.LoginPageTest" name="loginPageTitle" time="0.009"/>
  <testcase classname="com.qa.hrm.pagetests.LoginPageTest" name="doLoginPageTest" time="6.617"/>
</testsuite> <!-- Default test -->
