<?xml version="1.0" encoding="UTF-8"?>
<!-- Generated by org.testng.reporters.JUnitXMLReporter -->
<testsuite ignored="0" hostname="Somashekars-iMac.local" failures="0" tests="3" name="Default test" time="18.096" errors="0" timestamp="2024-04-29T07:40:15 IST">
  <testcase classname="com.qa.hrm.pagetests.LoginPageTest" name="loginPageCurrentUrl" time="0.066"/>
  <testcase classname="com.qa.hrm.pagetests.LoginPageTest" name="loginPageTitle" time="0.011"/>
  <testcase classname="com.qa.hrm.pagetests.LoginPageTest" name="doLoginPageTest" time="7.643"/>
</testsuite> <!-- Default test -->
