<?xml version="1.0" encoding="UTF-8"?>
<testng-results ignored="0" total="3" passed="3" failed="0" skipped="0">
  <reporter-output>
  </reporter-output>
  <suite started-at="2024-04-30T07:42:59 IST" name="Default suite" finished-at="2024-04-30T07:43:17 IST" duration-ms="17346">
    <groups>
    </groups>
    <test started-at="2024-04-30T07:42:59 IST" name="Default test" finished-at="2024-04-30T07:43:17 IST" duration-ms="17346">
      <class name="com.qa.hrm.pagetests.LoginPageTest">
        <test-method is-config="true" signature="setUp()[pri:0, instance:com.qa.hrm.pagetests.LoginPageTest@156b88f5]" started-at="2024-04-30T07:42:59 IST" name="setUp" finished-at="2024-04-30T07:43:10 IST" duration-ms="10523" status="PASS">
          <reporter-output>
          </reporter-output>
        </test-method> <!-- setUp -->
        <test-method signature="loginPageCurrentUrl()[pri:1, instance:com.qa.hrm.pagetests.LoginPageTest@156b88f5]" started-at="2024-04-30T07:43:10 IST" name="loginPageCurrentUrl" finished-at="2024-04-30T07:43:10 IST" duration-ms="59" status="PASS">
          <reporter-output>
          </reporter-output>
        </test-method> <!-- loginPageCurrentUrl -->
        <test-method signature="loginPageTitle()[pri:2, instance:com.qa.hrm.pagetests.LoginPageTest@156b88f5]" started-at="2024-04-30T07:43:10 IST" name="loginPageTitle" finished-at="2024-04-30T07:43:10 IST" duration-ms="9" status="PASS">
          <reporter-output>
          </reporter-output>
        </test-method> <!-- loginPageTitle -->
        <test-method signature="doLoginPageTest()[pri:3, instance:com.qa.hrm.pagetests.LoginPageTest@156b88f5]" started-at="2024-04-30T07:43:10 IST" name="doLoginPageTest" finished-at="2024-04-30T07:43:17 IST" duration-ms="6617" status="PASS">
          <reporter-output>
          </reporter-output>
        </test-method> <!-- doLoginPageTest -->
        <test-method is-config="true" signature="appClose()[pri:0, instance:com.qa.hrm.pagetests.LoginPageTest@156b88f5]" started-at="2024-04-30T07:43:17 IST" name="appClose" finished-at="2024-04-30T07:43:17 IST" duration-ms="93" status="PASS">
          <reporter-output>
          </reporter-output>
        </test-method> <!-- appClose -->
      </class> <!-- com.qa.hrm.pagetests.LoginPageTest -->
    </test> <!-- Default test -->
  </suite> <!-- Default suite -->
</testng-results>
