<?xml version="1.0" encoding="UTF-8"?>
<testng-results ignored="0" total="3" passed="3" failed="0" skipped="0">
  <reporter-output>
  </reporter-output>
  <suite started-at="2024-05-07T07:43:53 IST" name="Default suite" finished-at="2024-05-07T07:44:05 IST" duration-ms="11417">
    <groups>
    </groups>
    <test started-at="2024-05-07T07:43:53 IST" name="Default test" finished-at="2024-05-07T07:44:05 IST" duration-ms="11417">
      <class name="com.qa.hrm.pagetests.LoginPageTest">
        <test-method is-config="true" signature="setUp()[pri:0, instance:com.qa.hrm.pagetests.LoginPageTest@38604b81]" started-at="2024-05-07T07:43:53 IST" name="setUp" finished-at="2024-05-07T07:44:02 IST" duration-ms="8752" status="PASS">
          <reporter-output>
          </reporter-output>
        </test-method> <!-- setUp -->
        <test-method signature="loginPageCurrentUrl()[pri:1, instance:com.qa.hrm.pagetests.LoginPageTest@38604b81]" started-at="2024-05-07T07:44:02 IST" name="loginPageCurrentUrl" description="Verify login page title" finished-at="2024-05-07T07:44:02 IST" duration-ms="252" status="PASS">
          <reporter-output>
          </reporter-output>
        </test-method> <!-- loginPageCurrentUrl -->
        <test-method signature="loginPageTitle()[pri:2, instance:com.qa.hrm.pagetests.LoginPageTest@38604b81]" started-at="2024-05-07T07:44:03 IST" name="loginPageTitle" description="Verify login page title" finished-at="2024-05-07T07:44:03 IST" duration-ms="20" status="PASS">
          <reporter-output>
          </reporter-output>
        </test-method> <!-- loginPageTitle -->
        <test-method signature="doLoginPageTest()[pri:3, instance:com.qa.hrm.pagetests.LoginPageTest@38604b81]" started-at="2024-05-07T07:44:03 IST" name="doLoginPageTest" description="Verify login page title" finished-at="2024-05-07T07:44:04 IST" duration-ms="1520" status="PASS">
          <reporter-output>
          </reporter-output>
        </test-method> <!-- doLoginPageTest -->
        <test-method is-config="true" signature="appClose()[pri:0, instance:com.qa.hrm.pagetests.LoginPageTest@38604b81]" started-at="2024-05-07T07:44:04 IST" name="appClose" finished-at="2024-05-07T07:44:05 IST" duration-ms="710" status="PASS">
          <reporter-output>
          </reporter-output>
        </test-method> <!-- appClose -->
      </class> <!-- com.qa.hrm.pagetests.LoginPageTest -->
    </test> <!-- Default test -->
  </suite> <!-- Default suite -->
</testng-results>
